2023-02-22 14:08:49,897 root We are iterating through our list and our local var is i
2023-02-22 14:08:49,897 root We are iterating through our list and our local var is i
2023-02-22 14:08:49,897 root We are iterating through our list and our local var is i
2023-02-22 14:08:49,897 root We are iterating through our list and our local var is i
2023-02-22 14:08:49,898 root We are iterating through our list and our local var is i
2023-02-22 14:08:49,898 root We are iterating through our list and our local var is i
2023-02-22 14:08:49,898 root I am inside if statement and I am trying to check list type
2023-02-22 14:08:49,898 root I am in another for loop for list inside list element
2023-02-22 14:08:49,898 root I am inside if statement
2023-02-22 14:08:49,900 root I am in another for loop for list inside list element
2023-02-22 14:08:49,900 root I am inside if statement
2023-02-22 14:08:49,900 root I am in another for loop for list inside list element
2023-02-22 14:08:49,900 root I am inside if statement
2023-02-22 14:08:49,900 root We are iterating through our list and our local var is i
2023-02-22 14:08:49,900 root We are iterating through our list and our local var is i
2023-02-22 14:11:07,393 root We are iterating through our list and our local var is i[1, 2, 3, 4, 5, [2, 3, 4], 'prateek', 'kumar']
2023-02-22 14:11:07,393 root We are iterating through our list and our local var is i[1, 2, 3, 4, 5, [2, 3, 4], 'prateek', 'kumar']
2023-02-22 14:11:07,393 root We are iterating through our list and our local var is i[1, 2, 3, 4, 5, [2, 3, 4], 'prateek', 'kumar']
2023-02-22 14:11:07,393 root We are iterating through our list and our local var is i[1, 2, 3, 4, 5, [2, 3, 4], 'prateek', 'kumar']
2023-02-22 14:11:07,393 root We are iterating through our list and our local var is i[1, 2, 3, 4, 5, [2, 3, 4], 'prateek', 'kumar']
2023-02-22 14:11:07,393 root We are iterating through our list and our local var is i[1, 2, 3, 4, 5, [2, 3, 4], 'prateek', 'kumar']
2023-02-22 14:11:07,393 root I am inside if statement and I am trying to check list type
2023-02-22 14:11:07,393 root I am in another for loop for list inside list element
2023-02-22 14:11:07,393 root I am inside if statement
2023-02-22 14:11:07,393 root I am in another for loop for list inside list element
2023-02-22 14:11:07,393 root I am inside if statement
2023-02-22 14:11:07,393 root I am in another for loop for list inside list element
2023-02-22 14:11:07,393 root I am inside if statement
2023-02-22 14:11:07,393 root We are iterating through our list and our local var is i[1, 2, 3, 4, 5, [2, 3, 4], 'prateek', 'kumar']
2023-02-22 14:11:07,394 root We are iterating through our list and our local var is i[1, 2, 3, 4, 5, [2, 3, 4], 'prateek', 'kumar']
2023-02-22 14:13:01,569 root We are iterating through our list and our local var is [1, 2, 3, 4, 5, [2, 3, 4], 'prateek', 'kumar']
2023-02-22 14:13:01,569 root We are iterating through our list and our local var is [1, 2, 3, 4, 5, [2, 3, 4], 'prateek', 'kumar']
2023-02-22 14:13:01,569 root We are iterating through our list and our local var is [1, 2, 3, 4, 5, [2, 3, 4], 'prateek', 'kumar']
2023-02-22 14:13:01,569 root We are iterating through our list and our local var is [1, 2, 3, 4, 5, [2, 3, 4], 'prateek', 'kumar']
2023-02-22 14:13:01,569 root We are iterating through our list and our local var is [1, 2, 3, 4, 5, [2, 3, 4], 'prateek', 'kumar']
2023-02-22 14:13:01,569 root We are iterating through our list and our local var is [1, 2, 3, 4, 5, [2, 3, 4], 'prateek', 'kumar']
2023-02-22 14:13:01,569 root I am inside if statement and I am trying to check list type
2023-02-22 14:13:01,569 root I am in another for loop for list inside list element
2023-02-22 14:13:01,569 root I am inside if statement
2023-02-22 14:13:01,569 root I am in another for loop for list inside list element
2023-02-22 14:13:01,569 root I am inside if statement
2023-02-22 14:13:01,569 root I am in another for loop for list inside list element
2023-02-22 14:13:01,569 root I am inside if statement
2023-02-22 14:13:01,569 root We are iterating through our list and our local var is [1, 2, 3, 4, 5, [2, 3, 4], 'prateek', 'kumar']
2023-02-22 14:13:01,569 root We are iterating through our list and our local var is [1, 2, 3, 4, 5, [2, 3, 4], 'prateek', 'kumar']
2023-02-22 14:15:04,544 root We are iterating through our list and our local var is [1, 2, 3, 4, 5, [2, 3, 4], 'prateek', 'kumar']
2023-02-22 14:15:04,544 root We are iterating through our list and our local var is [1, 2, 3, 4, 5, [2, 3, 4], 'prateek', 'kumar']
2023-02-22 14:15:04,544 root We are iterating through our list and our local var is [1, 2, 3, 4, 5, [2, 3, 4], 'prateek', 'kumar']
2023-02-22 14:15:04,544 root We are iterating through our list and our local var is [1, 2, 3, 4, 5, [2, 3, 4], 'prateek', 'kumar']
2023-02-22 14:15:04,544 root We are iterating through our list and our local var is [1, 2, 3, 4, 5, [2, 3, 4], 'prateek', 'kumar']
2023-02-22 14:15:04,544 root We are iterating through our list and our local var is [1, 2, 3, 4, 5, [2, 3, 4], 'prateek', 'kumar']
2023-02-22 14:15:04,544 root I am inside if statement and I am trying to check list type
2023-02-22 14:15:04,544 root I am in another for loop for list inside list element
2023-02-22 14:15:04,544 root I am inside if statement
2023-02-22 14:15:04,544 root I am in another for loop for list inside list element
2023-02-22 14:15:04,544 root I am inside if statement
2023-02-22 14:15:04,544 root I am in another for loop for list inside list element
2023-02-22 14:15:04,544 root I am inside if statement
2023-02-22 14:15:04,544 root We are iterating through our list and our local var is [1, 2, 3, 4, 5, [2, 3, 4], 'prateek', 'kumar']
2023-02-22 14:15:04,544 root We are iterating through our list and our local var is [1, 2, 3, 4, 5, [2, 3, 4], 'prateek', 'kumar']
2023-02-22 14:15:04,544 root MY FINAL RESULT FOR int is [1, 2, 3, 4, 5, 2, 3, 4] and str is ['prateek', 'kumar']
2023-02-22 14:15:07,810 root We are iterating through our list and our local var is [1, 2, 3, 4, 5, [2, 3, 4], 'prateek', 'kumar']
2023-02-22 14:15:07,810 root We are iterating through our list and our local var is [1, 2, 3, 4, 5, [2, 3, 4], 'prateek', 'kumar']
2023-02-22 14:15:07,810 root We are iterating through our list and our local var is [1, 2, 3, 4, 5, [2, 3, 4], 'prateek', 'kumar']
2023-02-22 14:15:07,810 root We are iterating through our list and our local var is [1, 2, 3, 4, 5, [2, 3, 4], 'prateek', 'kumar']
2023-02-22 14:15:07,810 root We are iterating through our list and our local var is [1, 2, 3, 4, 5, [2, 3, 4], 'prateek', 'kumar']
2023-02-22 14:15:07,810 root We are iterating through our list and our local var is [1, 2, 3, 4, 5, [2, 3, 4], 'prateek', 'kumar']
2023-02-22 14:15:07,810 root I am inside if statement and I am trying to check list type
2023-02-22 14:15:07,810 root I am in another for loop for list inside list element
2023-02-22 14:15:07,810 root I am inside if statement
2023-02-22 14:15:07,810 root I am in another for loop for list inside list element
2023-02-22 14:15:07,810 root I am inside if statement
2023-02-22 14:15:07,810 root I am in another for loop for list inside list element
2023-02-22 14:15:07,810 root I am inside if statement
2023-02-22 14:15:07,810 root We are iterating through our list and our local var is [1, 2, 3, 4, 5, [2, 3, 4], 'prateek', 'kumar']
2023-02-22 14:15:07,810 root We are iterating through our list and our local var is [1, 2, 3, 4, 5, [2, 3, 4], 'prateek', 'kumar']
2023-02-22 14:15:07,810 root MY FINAL RESULT FOR int is [1, 2, 3, 4, 5, 2, 3, 4] and str is ['prateek', 'kumar']
